Using pre-set license
Built from '2020.3/staging' branch; Version is '2020.3.5f1 (8095aa901b9b) revision 8426922'; Using compiler version '192528614'; Build Type 'Release'
OS: 'Windows 10 Education; OS build 19044.1288; Version 2009; 64bit' Language: 'en' Physical Memory: 32617 MB
BatchMode: 1, IsHumanControllingUs: 0, StartBugReporterOnCrash: 0, Is64bit: 1, IsPro: 0

 COMMAND LINE ARGUMENTS:
C:\Program Files\Unity\Hub\Editor\2020.3.5f1\Editor\Unity.exe
-adb2
-batchMode
-noUpm
-name
AssetImportWorker0
-projectPath
C:/Users/s171627/Desktop/Craig/YourFirstShaderInUnity/YourFirstShaderInUnity
-logFile
Logs/AssetImportWorker0.log
-srvPort
53533
Successfully changed project path to: C:/Users/s171627/Desktop/Craig/YourFirstShaderInUnity/YourFirstShaderInUnity
C:/Users/s171627/Desktop/Craig/YourFirstShaderInUnity/YourFirstShaderInUnity
Using Asset Import Pipeline V2.
Platform WindowsStandaloneSupport does not support graphics device type 

Refreshing native plugins compatible for Editor in 28.59 ms, found 0 plugins.
Preloading 0 native plugins for Editor in 0.00 ms.
Initialize engine version: 2020.3.5f1 (8095aa901b9b)
[Subsystems] Discovering subsystems at path C:/Program Files/Unity/Hub/Editor/2020.3.5f1/Editor/Data/Resources/UnitySubsystems
[Subsystems] Discovering subsystems at path C:/Users/s171627/Desktop/Craig/YourFirstShaderInUnity/YourFirstShaderInUnity/Assets
GfxDevice: creating device client; threaded=0
Direct3D:
    Version:  Direct3D 11.0 [level 11.1]
    Renderer: NVIDIA GeForce RTX 3060 Ti (ID=0x2489)
    Vendor:   
    VRAM:     8050 MB
    Driver:   30.0.14.9676
Initialize mono
Mono path[0] = 'C:/Program Files/Unity/Hub/Editor/2020.3.5f1/Editor/Data/Managed'
Mono path[1] = 'C:/Program Files/Unity/Hub/Editor/2020.3.5f1/Editor/Data/MonoBleedingEdge/lib/mono/unityjit'
Mono config path = 'C:/Program Files/Unity/Hub/Editor/2020.3.5f1/Editor/Data/MonoBleedingEdge/etc'
Using monoOptions --debugger-agent=transport=dt_socket,embedding=1,server=y,suspend=n,address=127.0.0.1:56920
Begin MonoManager ReloadAssembly
Registering precompiled unity dll's ...
Register platform support module: C:/Program Files/Unity/Hub/Editor/2020.3.5f1/Editor/Data/PlaybackEngines/WebGLSupport/UnityEditor.WebGL.Extensions.dll
Register platform support module: C:/Program Files/Unity/Hub/Editor/2020.3.5f1/Editor/Data/PlaybackEngines/WindowsStandaloneSupport/UnityEditor.WindowsStandalone.Extensions.dll
Registered in 0.001629 seconds.
Native extension for WindowsStandalone target not found
Native extension for WebGL target not found
Refreshing native plugins compatible for Editor in 20.17 ms, found 0 plugins.
Preloading 0 native plugins for Editor in 0.00 ms.
Mono: successfully reloaded assembly
- Completed reload, in  0.860 seconds
Platform modules already initialized, skipping
Registering precompiled user dll's ...
Registered in 0.000481 seconds.
Begin MonoManager ReloadAssembly
Native extension for WindowsStandalone target not found
Native extension for WebGL target not found
Refreshing native plugins compatible for Editor in 0.21 ms, found 0 plugins.
Preloading 0 native plugins for Editor in 0.00 ms.
Mono: successfully reloaded assembly
- Completed reload, in  0.628 seconds
Platform modules already initialized, skipping
========================================================================
Worker process is ready to serve import requests
Platform WindowsStandaloneSupport does not support graphics device type 

Launched and connected shader compiler UnityShaderCompiler.exe after 0.02 seconds
Refreshing native plugins compatible for Editor in 0.21 ms, found 0 plugins.
Preloading 0 native plugins for Editor in 0.00 ms.
Unloading 1249 Unused Serialized files (Serialized files now loaded: 0)
System memory in use before: 65.6 MB.
System memory in use after: 65.7 MB.

Unloading 9 unused Assets to reduce memory usage. Loaded Objects now: 1694.
Total: 1.756800 ms (FindLiveObjects: 0.258400 ms CreateObjectMapping: 0.079500 ms MarkObjects: 1.367100 ms  DeleteObjects: 0.050800 ms)

========================================================================
Received Import Request.
  path: Assets/Scenes/MainForShaderSession.unity
  artifactKey: Guid(1df0a2cb73ab1e14f9089d89a98700d9) Importer(815301076,1909f56bfc062723c751e8b465ee728b)
Start importing Assets/Scenes/MainForShaderSession.unity using Guid(1df0a2cb73ab1e14f9089d89a98700d9) Importer(815301076,1909f56bfc062723c751e8b465ee728b)  -> (artifact id: '238a4075ae174e875db14deab08142bb') in 0.012582 seconds
  Import took 0.014371 seconds .

========================================================================
Received Import Request.
  Time since last request: 2.673956 seconds.
  path: Assets/Models/Block.FBX
  artifactKey: Guid(34280df3a4c5cfb43999bae498b30eb0) Importer(815301076,1909f56bfc062723c751e8b465ee728b)
Start importing Assets/Models/Block.FBX using Guid(34280df3a4c5cfb43999bae498b30eb0) Importer(815301076,1909f56bfc062723c751e8b465ee728b)  -> (artifact id: 'f3d579c1b349ddd2f3b96bbf26f3cc60') in 0.125037 seconds
  Import took 0.127105 seconds .

========================================================================
Received Import Request.
  Time since last request: 0.000123 seconds.
  path: Assets/Models/MazeLowMan.fbx
  artifactKey: Guid(ac1083eafe7ee99409a644fde1db76b8) Importer(815301076,1909f56bfc062723c751e8b465ee728b)
Start importing Assets/Models/MazeLowMan.fbx using Guid(ac1083eafe7ee99409a644fde1db76b8) Importer(815301076,1909f56bfc062723c751e8b465ee728b)  -> (artifact id: '468a1fd8145d0eebcc047fa7d9a875de') in 0.062923 seconds
  Import took 0.064692 seconds .

========================================================================
Received Import Request.
  Time since last request: 0.000178 seconds.
  path: Assets/Models/WallArch.FBX
  artifactKey: Guid(69bbaf58db48e7f40ab082809ef33c1f) Importer(815301076,1909f56bfc062723c751e8b465ee728b)
Start importing Assets/Models/WallArch.FBX using Guid(69bbaf58db48e7f40ab082809ef33c1f) Importer(815301076,1909f56bfc062723c751e8b465ee728b)  -> (artifact id: '57ac4ea9eb2e2c5fe6bc6e9d56689894') in 0.015353 seconds
  Import took 0.017044 seconds .

========================================================================
Received Import Request.
  Time since last request: 0.000117 seconds.
  path: Assets/Models/WallStraightShort.FBX
  artifactKey: Guid(da53a2c2dab9c5b48bffc3f8f836f216) Importer(815301076,1909f56bfc062723c751e8b465ee728b)
Start importing Assets/Models/WallStraightShort.FBX using Guid(da53a2c2dab9c5b48bffc3f8f836f216) Importer(815301076,1909f56bfc062723c751e8b465ee728b)  -> (artifact id: 'fdeffacb2240cf2d9b48a0cba928356b') in 0.019422 seconds
  Import took 0.021135 seconds .

========================================================================
Received Import Request.
  Time since last request: 0.000117 seconds.
  path: Assets/Models/Flyer.FBX
  artifactKey: Guid(d87b73d63ea32494fb9e034d4556d60f) Importer(815301076,1909f56bfc062723c751e8b465ee728b)
Start importing Assets/Models/Flyer.FBX using Guid(d87b73d63ea32494fb9e034d4556d60f) Importer(815301076,1909f56bfc062723c751e8b465ee728b)  -> (artifact id: '1e3e111a66b1f9f7383e546539539c13') in 0.015801 seconds
  Import took 0.017845 seconds .

========================================================================
Received Import Request.
  Time since last request: 0.000276 seconds.
  path: Assets/Models/WallColumn.FBX
  artifactKey: Guid(2bb6073e34257dd4988fe6290d3360a0) Importer(815301076,1909f56bfc062723c751e8b465ee728b)
Start importing Assets/Models/WallColumn.FBX using Guid(2bb6073e34257dd4988fe6290d3360a0) Importer(815301076,1909f56bfc062723c751e8b465ee728b)  -> (artifact id: '4d4dbf02bb1226806e62e7f28fe2b49f') in 0.023760 seconds
  Import took 0.025787 seconds .

========================================================================
Received Import Request.
  Time since last request: 0.000110 seconds.
  path: Assets/Models/Flyer.FBX
  artifactKey: Guid(d87b73d63ea32494fb9e034d4556d60f) Importer(815301076,1909f56bfc062723c751e8b465ee728b)
Start importing Assets/Models/Flyer.FBX using Guid(d87b73d63ea32494fb9e034d4556d60f) Importer(815301076,1909f56bfc062723c751e8b465ee728b)  -> (artifact id: '1e3e111a66b1f9f7383e546539539c13') in 0.015863 seconds
  Import took 0.017537 seconds .

========================================================================
Received Import Request.
  Time since last request: 0.000149 seconds.
  path: Assets/Models/WallCorner.FBX
  artifactKey: Guid(920b48bbac91d2f4dbea698ceb5e1af3) Importer(815301076,1909f56bfc062723c751e8b465ee728b)
Start importing Assets/Models/WallCorner.FBX using Guid(920b48bbac91d2f4dbea698ceb5e1af3) Importer(815301076,1909f56bfc062723c751e8b465ee728b)  -> (artifact id: '397d888cff7f084fb35ec55228ada83d') in 0.017293 seconds
  Import took 0.019126 seconds .

========================================================================
Received Import Request.
  Time since last request: 0.000157 seconds.
  path: Assets/Models/WallStraight.fbx
  artifactKey: Guid(21805eab2d6825a4089c791219aa226a) Importer(815301076,1909f56bfc062723c751e8b465ee728b)
Start importing Assets/Models/WallStraight.fbx using Guid(21805eab2d6825a4089c791219aa226a) Importer(815301076,1909f56bfc062723c751e8b465ee728b)  -> (artifact id: '1cc12844ca48248ef7b6b9fbb58bbaa9') in 0.016715 seconds
  Import took 0.018648 seconds .

========================================================================
Received Import Request.
  Time since last request: 0.000124 seconds.
  path: Assets/Models/WallCurved.FBX
  artifactKey: Guid(2c11740ad471cef4181979f12cfac90b) Importer(815301076,1909f56bfc062723c751e8b465ee728b)
Start importing Assets/Models/WallCurved.FBX using Guid(2c11740ad471cef4181979f12cfac90b) Importer(815301076,1909f56bfc062723c751e8b465ee728b)  -> (artifact id: '0c11e7424802b7304849cc19eb281fa2') in 0.015164 seconds
  Import took 0.017153 seconds .

========================================================================
Received Import Request.
  Time since last request: 0.000142 seconds.
  path: Assets/Models/Ramp.FBX
  artifactKey: Guid(5f5f6366ba268ac458c6f1045342a387) Importer(815301076,1909f56bfc062723c751e8b465ee728b)
Start importing Assets/Models/Ramp.FBX using Guid(5f5f6366ba268ac458c6f1045342a387) Importer(815301076,1909f56bfc062723c751e8b465ee728b)  -> (artifact id: '2159308682e0e90aabbce52cd0116f83') in 0.016730 seconds
  Import took 0.018610 seconds .

========================================================================
Received Import Request.
  Time since last request: 0.000107 seconds.
  path: Assets/Models/MazeTurret.fbx
  artifactKey: Guid(34e1fc2de843c21499fb4ce94bbfcc23) Importer(815301076,1909f56bfc062723c751e8b465ee728b)
Start importing Assets/Models/MazeTurret.fbx using Guid(34e1fc2de843c21499fb4ce94bbfcc23) Importer(815301076,1909f56bfc062723c751e8b465ee728b)  -> (artifact id: '490af1bf68ee7f924034b0cc93ee34de') in 0.058658 seconds
  Import took 0.060400 seconds .

========================================================================
Received Import Request.
  Time since last request: 221.400930 seconds.
  path: Assets/Shaders/hologram.shader
  artifactKey: Guid(575b08668e807654589e108c64499878) Importer(815301076,1909f56bfc062723c751e8b465ee728b)
Start importing Assets/Shaders/hologram.shader using Guid(575b08668e807654589e108c64499878) Importer(815301076,1909f56bfc062723c751e8b465ee728b)  -> (artifact id: 'd0cfdb6a3dc7b6333488ec7109bb5105') in 0.007352 seconds
  Import took 0.009188 seconds .

========================================================================
Received Import Request.
  Time since last request: 0.001180 seconds.
  path: Assets/Shaders/hologram.shader
  artifactKey: Guid(575b08668e807654589e108c64499878) Importer(815301076,1909f56bfc062723c751e8b465ee728b)
Start importing Assets/Shaders/hologram.shader using Guid(575b08668e807654589e108c64499878) Importer(815301076,1909f56bfc062723c751e8b465ee728b)  -> (artifact id: 'd0cfdb6a3dc7b6333488ec7109bb5105') in 0.001931 seconds
  Import took 0.003543 seconds .

========================================================================
Received Import Request.
  Time since last request: 181.313228 seconds.
  path: Assets/Shaders/hologram.shader
  artifactKey: Guid(575b08668e807654589e108c64499878) Importer(815301076,1909f56bfc062723c751e8b465ee728b)
Start importing Assets/Shaders/hologram.shader using Guid(575b08668e807654589e108c64499878) Importer(815301076,1909f56bfc062723c751e8b465ee728b)  -> (artifact id: '5f38a572cf86d48c6c5fdd725a3fcbc9') in 0.002174 seconds
  Import took 0.004229 seconds .

========================================================================
Received Import Request.
  Time since last request: 573.640346 seconds.
  path: Assets/Shaders/Unlit_hologram.mat
  artifactKey: Guid(5bf417bc7c7f58847adeed32547e922b) Importer(815301076,1909f56bfc062723c751e8b465ee728b)
Start importing Assets/Shaders/Unlit_hologram.mat using Guid(5bf417bc7c7f58847adeed32547e922b) Importer(815301076,1909f56bfc062723c751e8b465ee728b)  -> (artifact id: '477af5034e6796f09261a80baa05bec4') in 0.022584 seconds
  Import took 0.024809 seconds .

AssetImportWorkerClient::OnTransportError - code=2 error=End of file
