Using pre-set license
Built from '2020.3/staging' branch; Version is '2020.3.5f1 (8095aa901b9b) revision 8426922'; Using compiler version '192528614'; Build Type 'Release'
OS: 'Windows 10 Education; OS build 19044.1288; Version 2009; 64bit' Language: 'en' Physical Memory: 32617 MB
BatchMode: 1, IsHumanControllingUs: 0, StartBugReporterOnCrash: 0, Is64bit: 1, IsPro: 0

 COMMAND LINE ARGUMENTS:
C:\Program Files\Unity\Hub\Editor\2020.3.5f1\Editor\Unity.exe
-adb2
-batchMode
-noUpm
-name
AssetImportWorker0
-projectPath
C:/Users/s171627/Desktop/Craig/GraphicsUnityProject/YourFirstShaderInUnity/URP
-logFile
Logs/AssetImportWorker0.log
-srvPort
64144
Successfully changed project path to: C:/Users/s171627/Desktop/Craig/GraphicsUnityProject/YourFirstShaderInUnity/URP
C:/Users/s171627/Desktop/Craig/GraphicsUnityProject/YourFirstShaderInUnity/URP
Using Asset Import Pipeline V2.
Refreshing native plugins compatible for Editor in 40.80 ms, found 0 plugins.
Preloading 0 native plugins for Editor in 0.00 ms.
Initialize engine version: 2020.3.5f1 (8095aa901b9b)
[Subsystems] Discovering subsystems at path C:/Program Files/Unity/Hub/Editor/2020.3.5f1/Editor/Data/Resources/UnitySubsystems
[Subsystems] Discovering subsystems at path C:/Users/s171627/Desktop/Craig/GraphicsUnityProject/YourFirstShaderInUnity/URP/Assets
GfxDevice: creating device client; threaded=0
Direct3D:
    Version:  Direct3D 11.0 [level 11.1]
    Renderer: NVIDIA GeForce RTX 3060 Ti (ID=0x2489)
    Vendor:   
    VRAM:     8050 MB
    Driver:   30.0.14.9676
Initialize mono
Mono path[0] = 'C:/Program Files/Unity/Hub/Editor/2020.3.5f1/Editor/Data/Managed'
Mono path[1] = 'C:/Program Files/Unity/Hub/Editor/2020.3.5f1/Editor/Data/MonoBleedingEdge/lib/mono/unityjit'
Mono config path = 'C:/Program Files/Unity/Hub/Editor/2020.3.5f1/Editor/Data/MonoBleedingEdge/etc'
Using monoOptions --debugger-agent=transport=dt_socket,embedding=1,server=y,suspend=n,address=127.0.0.1:56424
Begin MonoManager ReloadAssembly
Registering precompiled unity dll's ...
Register platform support module: C:/Program Files/Unity/Hub/Editor/2020.3.5f1/Editor/Data/PlaybackEngines/WebGLSupport/UnityEditor.WebGL.Extensions.dll
Register platform support module: C:/Program Files/Unity/Hub/Editor/2020.3.5f1/Editor/Data/PlaybackEngines/WindowsStandaloneSupport/UnityEditor.WindowsStandalone.Extensions.dll
Registered in 0.001686 seconds.
Native extension for WindowsStandalone target not found
Native extension for WebGL target not found
Refreshing native plugins compatible for Editor in 42.48 ms, found 0 plugins.
Preloading 0 native plugins for Editor in 0.00 ms.
Mono: successfully reloaded assembly
- Completed reload, in  0.891 seconds
Platform modules already initialized, skipping
Registering precompiled user dll's ...
Registered in 0.001406 seconds.
Begin MonoManager ReloadAssembly
Native extension for WindowsStandalone target not found
Native extension for WebGL target not found
Refreshing native plugins compatible for Editor in 43.49 ms, found 0 plugins.
Preloading 0 native plugins for Editor in 0.00 ms.
Mono: successfully reloaded assembly
- Completed reload, in  1.262 seconds
Platform modules already initialized, skipping
========================================================================
Worker process is ready to serve import requests
Shader 'Universal Render Pipeline/Particles/Lit': fallback shader 'Universal Render Pipeline/Particles/SimpleLit' not found
Shader 'Universal Render Pipeline/Particles/Lit': fallback shader 'Universal Render Pipeline/Particles/SimpleLit' not found
Launched and connected shader compiler UnityShaderCompiler.exe after 0.02 seconds
Refreshing native plugins compatible for Editor in 0.45 ms, found 0 plugins.
Preloading 0 native plugins for Editor in 0.00 ms.
Unloading 3098 Unused Serialized files (Serialized files now loaded: 0)
System memory in use before: 141.0 MB.
System memory in use after: 138.3 MB.

Unloading 49 unused Assets to reduce memory usage. Loaded Objects now: 3510.
Total: 3.595400 ms (FindLiveObjects: 0.255900 ms CreateObjectMapping: 0.146000 ms MarkObjects: 2.093000 ms  DeleteObjects: 1.099900 ms)

========================================================================
Received Import Request.
  path: Assets/InputManager/TPS.unitypackage
  artifactKey: Guid(0047774bd07f61f4796384a94ea4f2dd) Importer(815301076,1909f56bfc062723c751e8b465ee728b)
Start importing Assets/InputManager/TPS.unitypackage using Guid(0047774bd07f61f4796384a94ea4f2dd) Importer(815301076,1909f56bfc062723c751e8b465ee728b)  -> (artifact id: '364ee8e854560477b9d5ea5a32f4a058') in 0.033567 seconds
  Import took 0.037736 seconds .

========================================================================
Received Import Request.
  Time since last request: 23.896622 seconds.
  path: Assets/InputManager/TPS_Controller.inputactions
  artifactKey: Guid(390ee4ffe02d3944d979621939741804) Importer(815301076,1909f56bfc062723c751e8b465ee728b)
Start importing Assets/InputManager/TPS_Controller.inputactions using Guid(390ee4ffe02d3944d979621939741804) Importer(815301076,1909f56bfc062723c751e8b465ee728b)  -> (artifact id: 'e9ac998f18eeb5208cb0fbffead0f0da') in 0.021002 seconds
  Import took 0.025280 seconds .

========================================================================
Received Import Request.
  Time since last request: 10.088078 seconds.
  path: Assets/Materials/fire_mat.mat
  artifactKey: Guid(223dac1f5f5a5be46a19eab7a2d52900) Importer(815301076,1909f56bfc062723c751e8b465ee728b)
Start importing Assets/Materials/fire_mat.mat using Guid(223dac1f5f5a5be46a19eab7a2d52900) Importer(815301076,1909f56bfc062723c751e8b465ee728b)  -> (artifact id: 'c51aeaf9be7933a0c9282a7ddb9b5935') in 0.150835 seconds
  Import took 0.155667 seconds .

========================================================================
Received Import Request.
  Time since last request: 0.003306 seconds.
  path: Assets/Materials/fire_mat.mat
  artifactKey: Guid(223dac1f5f5a5be46a19eab7a2d52900) Importer(815301076,1909f56bfc062723c751e8b465ee728b)
Start importing Assets/Materials/fire_mat.mat using Guid(223dac1f5f5a5be46a19eab7a2d52900) Importer(815301076,1909f56bfc062723c751e8b465ee728b)  -> (artifact id: 'c51aeaf9be7933a0c9282a7ddb9b5935') in 0.010910 seconds
  Import took 0.015326 seconds .

========================================================================
Received Prepare
Registering precompiled user dll's ...
Registered in 0.001352 seconds.
Begin MonoManager ReloadAssembly
Native extension for WindowsStandalone target not found
Native extension for WebGL target not found
Refreshing native plugins compatible for Editor in 0.50 ms, found 0 plugins.
Preloading 0 native plugins for Editor in 0.00 ms.
Mono: successfully reloaded assembly
- Completed reload, in  0.870 seconds
Platform modules already initialized, skipping
Shader 'Universal Render Pipeline/Particles/Lit': fallback shader 'Universal Render Pipeline/Particles/SimpleLit' not found
Shader 'Universal Render Pipeline/Particles/Lit': fallback shader 'Universal Render Pipeline/Particles/SimpleLit' not found
Refreshing native plugins compatible for Editor in 0.45 ms, found 0 plugins.
Preloading 0 native plugins for Editor in 0.00 ms.
Unloading 3016 Unused Serialized files (Serialized files now loaded: 0)
System memory in use before: 142.8 MB.
System memory in use after: 140.1 MB.

Unloading 42 unused Assets to reduce memory usage. Loaded Objects now: 3593.
Total: 3.746400 ms (FindLiveObjects: 0.363300 ms CreateObjectMapping: 0.164600 ms MarkObjects: 2.089400 ms  DeleteObjects: 1.127300 ms)

========================================================================
Received Import Request.
  Time since last request: 948.922595 seconds.
  path: ProjectSettings/TagManager.asset
  artifactKey: Guid(00000000000000003000000000000000) Importer(815301076,1909f56bfc062723c751e8b465ee728b)
Start importing ProjectSettings/TagManager.asset using Guid(00000000000000003000000000000000) Importer(815301076,1909f56bfc062723c751e8b465ee728b)  -> (artifact id: '07a3cf08df95167b010183fd82227ce4') in 0.024034 seconds
  Import took 0.029146 seconds .

========================================================================
Received Import Request.
  Time since last request: 40.386412 seconds.
  path: Assets/Prefabs
  artifactKey: Guid(619a56e4b75780e4880e7d2d5e2b9b87) Importer(815301076,1909f56bfc062723c751e8b465ee728b)
Start importing Assets/Prefabs using Guid(619a56e4b75780e4880e7d2d5e2b9b87) Importer(815301076,1909f56bfc062723c751e8b465ee728b)  -> (artifact id: 'ec6cc095f8166bff3bfec112805edce8') in 0.002138 seconds
  Import took 0.006727 seconds .

========================================================================
Received Import Request.
  Time since last request: 0.264513 seconds.
  path: Assets/Prefabs/Example Assets.prefab
  artifactKey: Guid(d223cb5d300735543a3efa207ac2a798) Importer(815301076,1909f56bfc062723c751e8b465ee728b)
Start importing Assets/Prefabs/Example Assets.prefab using Guid(d223cb5d300735543a3efa207ac2a798) Importer(815301076,1909f56bfc062723c751e8b465ee728b)  -> (artifact id: 'e833f818621b7823bcb7bd9e743abca0') in 0.322676 seconds
  Import took 0.327822 seconds .

========================================================================
Received Import Request.
  Time since last request: 0.000137 seconds.
  path: Assets/Prefabs/Workshop Set.prefab
  artifactKey: Guid(6d49cd07865076c45ae3480e5dabfb62) Importer(815301076,1909f56bfc062723c751e8b465ee728b)
Start importing Assets/Prefabs/Workshop Set.prefab using Guid(6d49cd07865076c45ae3480e5dabfb62) Importer(815301076,1909f56bfc062723c751e8b465ee728b)  -> (artifact id: 'ed8fc4fc5fde314cf34607a3ccc04ddc') in 0.016768 seconds
  Import took 0.020815 seconds .

========================================================================
Received Import Request.
  Time since last request: 0.000184 seconds.
  path: Assets/Prefabs/Ground.prefab
  artifactKey: Guid(6bc35dbbd4e3d9e4d9e9b59e5171a18c) Importer(815301076,1909f56bfc062723c751e8b465ee728b)
Start importing Assets/Prefabs/Ground.prefab using Guid(6bc35dbbd4e3d9e4d9e9b59e5171a18c) Importer(815301076,1909f56bfc062723c751e8b465ee728b)  -> (artifact id: '464209370aa4b1390d44fb17d7b51cc0') in 0.014516 seconds
  Import took 0.018899 seconds .

========================================================================
Received Import Request.
  Time since last request: 27.377260 seconds.
  path: Assets/Prefabs/Pause.prefab
  artifactKey: Guid(d8abc8080b17edb4d9dc533b759d96dd) Importer(815301076,1909f56bfc062723c751e8b465ee728b)
Start importing Assets/Prefabs/Pause.prefab using Guid(d8abc8080b17edb4d9dc533b759d96dd) Importer(815301076,1909f56bfc062723c751e8b465ee728b)  -> (artifact id: '90cd3180e6afa4ff7e1061b4f989fb7c') in 0.025390 seconds
  Import took 0.029749 seconds .

========================================================================
Received Prepare
Registering precompiled user dll's ...
Registered in 0.001386 seconds.
Begin MonoManager ReloadAssembly
Native extension for WindowsStandalone target not found
Native extension for WebGL target not found
Refreshing native plugins compatible for Editor in 0.52 ms, found 0 plugins.
Preloading 0 native plugins for Editor in 0.00 ms.
Mono: successfully reloaded assembly
- Completed reload, in  0.884 seconds
Platform modules already initialized, skipping
Shader 'Universal Render Pipeline/Particles/Lit': fallback shader 'Universal Render Pipeline/Particles/SimpleLit' not found
Shader 'Universal Render Pipeline/Particles/Lit': fallback shader 'Universal Render Pipeline/Particles/SimpleLit' not found
Refreshing native plugins compatible for Editor in 0.48 ms, found 0 plugins.
Preloading 0 native plugins for Editor in 0.00 ms.
Unloading 3063 Unused Serialized files (Serialized files now loaded: 0)
System memory in use before: 146.1 MB.
System memory in use after: 142.8 MB.

Unloading 56 unused Assets to reduce memory usage. Loaded Objects now: 3666.
Total: 4.087600 ms (FindLiveObjects: 0.339000 ms CreateObjectMapping: 0.155800 ms MarkObjects: 2.184500 ms  DeleteObjects: 1.407500 ms)

========================================================================
Received Import Request.
  Time since last request: 156.626884 seconds.
  path: Assets/Scripts/Pause.cs
  artifactKey: Guid(552bad632c2550147a3a04aa7612809f) Importer(815301076,1909f56bfc062723c751e8b465ee728b)
Start importing Assets/Scripts/Pause.cs using Guid(552bad632c2550147a3a04aa7612809f) Importer(815301076,1909f56bfc062723c751e8b465ee728b)  -> (artifact id: 'e6397cc0b4a2d51610f594c3fe751593') in 0.007999 seconds
  Import took 0.012429 seconds .

========================================================================
Received Import Request.
  Time since last request: 0.001868 seconds.
  path: Assets/Scripts/Pause.cs
  artifactKey: Guid(552bad632c2550147a3a04aa7612809f) Importer(815301076,1909f56bfc062723c751e8b465ee728b)
Start importing Assets/Scripts/Pause.cs using Guid(552bad632c2550147a3a04aa7612809f) Importer(815301076,1909f56bfc062723c751e8b465ee728b)  -> (artifact id: 'e6397cc0b4a2d51610f594c3fe751593') in 0.001905 seconds
  Import took 0.006220 seconds .

========================================================================
Received Prepare
Registering precompiled user dll's ...
Registered in 0.002284 seconds.
Begin MonoManager ReloadAssembly
Native extension for WindowsStandalone target not found
Native extension for WebGL target not found
Refreshing native plugins compatible for Editor in 0.46 ms, found 0 plugins.
Preloading 0 native plugins for Editor in 0.00 ms.
Mono: successfully reloaded assembly
- Completed reload, in  0.866 seconds
Platform modules already initialized, skipping
Shader 'Universal Render Pipeline/Particles/Lit': fallback shader 'Universal Render Pipeline/Particles/SimpleLit' not found
Shader 'Universal Render Pipeline/Particles/Lit': fallback shader 'Universal Render Pipeline/Particles/SimpleLit' not found
Refreshing native plugins compatible for Editor in 0.48 ms, found 0 plugins.
Preloading 0 native plugins for Editor in 0.00 ms.
Unloading 3063 Unused Serialized files (Serialized files now loaded: 0)
System memory in use before: 146.2 MB.
System memory in use after: 142.8 MB.

Unloading 55 unused Assets to reduce memory usage. Loaded Objects now: 3669.
Total: 4.577200 ms (FindLiveObjects: 0.367100 ms CreateObjectMapping: 0.189200 ms MarkObjects: 2.469700 ms  DeleteObjects: 1.549300 ms)

========================================================================
Received Import Request.
  Time since last request: 57.458043 seconds.
  path: Assets/Scripts/Pause.cs
  artifactKey: Guid(552bad632c2550147a3a04aa7612809f) Importer(815301076,1909f56bfc062723c751e8b465ee728b)
Start importing Assets/Scripts/Pause.cs using Guid(552bad632c2550147a3a04aa7612809f) Importer(815301076,1909f56bfc062723c751e8b465ee728b)  -> (artifact id: '0923d1b88efb48e9b37d1b0a8b120d59') in 0.005713 seconds
  Import took 0.010043 seconds .

========================================================================
Received Prepare
Registering precompiled user dll's ...
Registered in 0.002328 seconds.
Begin MonoManager ReloadAssembly
Native extension for WindowsStandalone target not found
Native extension for WebGL target not found
Refreshing native plugins compatible for Editor in 0.47 ms, found 0 plugins.
Preloading 0 native plugins for Editor in 0.00 ms.
Mono: successfully reloaded assembly
- Completed reload, in  0.883 seconds
Platform modules already initialized, skipping
Shader 'Universal Render Pipeline/Particles/Lit': fallback shader 'Universal Render Pipeline/Particles/SimpleLit' not found
Shader 'Universal Render Pipeline/Particles/Lit': fallback shader 'Universal Render Pipeline/Particles/SimpleLit' not found
Refreshing native plugins compatible for Editor in 0.47 ms, found 0 plugins.
Preloading 0 native plugins for Editor in 0.00 ms.
Unloading 3064 Unused Serialized files (Serialized files now loaded: 0)
System memory in use before: 146.2 MB.
System memory in use after: 142.9 MB.

Unloading 55 unused Assets to reduce memory usage. Loaded Objects now: 3673.
Total: 4.625000 ms (FindLiveObjects: 0.366100 ms CreateObjectMapping: 0.311000 ms MarkObjects: 2.303800 ms  DeleteObjects: 1.642900 ms)

========================================================================
Received Import Request.
  Time since last request: 42.445360 seconds.
  path: Assets/Scripts/ScreenChange.cs
  artifactKey: Guid(b98fdb39b85c56841892d6af930b21e8) Importer(815301076,1909f56bfc062723c751e8b465ee728b)
Start importing Assets/Scripts/ScreenChange.cs using Guid(b98fdb39b85c56841892d6af930b21e8) Importer(815301076,1909f56bfc062723c751e8b465ee728b)  -> (artifact id: '9b6d073be4a73a0f30e0aff88b6f9efc') in 0.008042 seconds
  Import took 0.012129 seconds .

========================================================================
Received Import Request.
  Time since last request: 0.015028 seconds.
  path: Assets/Scripts/ScreenChange.cs
  artifactKey: Guid(b98fdb39b85c56841892d6af930b21e8) Importer(815301076,1909f56bfc062723c751e8b465ee728b)
Start importing Assets/Scripts/ScreenChange.cs using Guid(b98fdb39b85c56841892d6af930b21e8) Importer(815301076,1909f56bfc062723c751e8b465ee728b)  -> (artifact id: '9b6d073be4a73a0f30e0aff88b6f9efc') in 0.001844 seconds
  Import took 0.006099 seconds .

========================================================================
Received Prepare
Registering precompiled user dll's ...
Registered in 0.001513 seconds.
Begin MonoManager ReloadAssembly
Native extension for WindowsStandalone target not found
Native extension for WebGL target not found
Refreshing native plugins compatible for Editor in 0.50 ms, found 0 plugins.
Preloading 0 native plugins for Editor in 0.00 ms.
Mono: successfully reloaded assembly
- Completed reload, in  0.885 seconds
Platform modules already initialized, skipping
Shader 'Universal Render Pipeline/Particles/Lit': fallback shader 'Universal Render Pipeline/Particles/SimpleLit' not found
Shader 'Universal Render Pipeline/Particles/Lit': fallback shader 'Universal Render Pipeline/Particles/SimpleLit' not found
Refreshing native plugins compatible for Editor in 0.61 ms, found 0 plugins.
Preloading 0 native plugins for Editor in 0.00 ms.
Unloading 3064 Unused Serialized files (Serialized files now loaded: 0)
System memory in use before: 146.3 MB.
System memory in use after: 142.9 MB.

Unloading 55 unused Assets to reduce memory usage. Loaded Objects now: 3676.
Total: 4.271200 ms (FindLiveObjects: 0.322900 ms CreateObjectMapping: 0.146600 ms MarkObjects: 2.263400 ms  DeleteObjects: 1.537700 ms)

========================================================================
Received Import Request.
  Time since last request: 32.586987 seconds.
  path: Assets/Scripts/ScreenChange.cs
  artifactKey: Guid(b98fdb39b85c56841892d6af930b21e8) Importer(815301076,1909f56bfc062723c751e8b465ee728b)
Start importing Assets/Scripts/ScreenChange.cs using Guid(b98fdb39b85c56841892d6af930b21e8) Importer(815301076,1909f56bfc062723c751e8b465ee728b)  -> (artifact id: '75e22733dd74a2e262040b7d49e5bdc1') in 0.005560 seconds
  Import took 0.009830 seconds .

========================================================================
Received Prepare
Registering precompiled user dll's ...
Registered in 0.001553 seconds.
Begin MonoManager ReloadAssembly
Native extension for WindowsStandalone target not found
Native extension for WebGL target not found
Refreshing native plugins compatible for Editor in 0.49 ms, found 0 plugins.
Preloading 0 native plugins for Editor in 0.00 ms.
Mono: successfully reloaded assembly
- Completed reload, in  0.934 seconds
Platform modules already initialized, skipping
Shader 'Universal Render Pipeline/Particles/Lit': fallback shader 'Universal Render Pipeline/Particles/SimpleLit' not found
Shader 'Universal Render Pipeline/Particles/Lit': fallback shader 'Universal Render Pipeline/Particles/SimpleLit' not found
Refreshing native plugins compatible for Editor in 0.87 ms, found 0 plugins.
Preloading 0 native plugins for Editor in 0.00 ms.
Unloading 3064 Unused Serialized files (Serialized files now loaded: 0)
System memory in use before: 146.3 MB.
System memory in use after: 142.9 MB.

Unloading 55 unused Assets to reduce memory usage. Loaded Objects now: 3679.
Total: 4.985000 ms (FindLiveObjects: 0.333600 ms CreateObjectMapping: 0.179600 ms MarkObjects: 2.693500 ms  DeleteObjects: 1.777000 ms)

========================================================================
Received Prepare
Shader 'Universal Render Pipeline/Particles/Lit': fallback shader 'Universal Render Pipeline/Particles/SimpleLit' not found
Shader 'Universal Render Pipeline/Particles/Lit': fallback shader 'Universal Render Pipeline/Particles/SimpleLit' not found
Refreshing native plugins compatible for Editor in 1.51 ms, found 0 plugins.
Preloading 0 native plugins for Editor in 0.00 ms.
Unloading 52 Unused Serialized files (Serialized files now loaded: 0)
System memory in use before: 85.7 MB.
System memory in use after: 82.3 MB.

Unloading 52 unused Assets to reduce memory usage. Loaded Objects now: 3679.
Total: 4.066100 ms (FindLiveObjects: 0.288900 ms CreateObjectMapping: 0.141300 ms MarkObjects: 2.052600 ms  DeleteObjects: 1.582700 ms)

========================================================================
Received Prepare
Registering precompiled user dll's ...
Registered in 0.001415 seconds.
Begin MonoManager ReloadAssembly
Native extension for WindowsStandalone target not found
Native extension for WebGL target not found
Refreshing native plugins compatible for Editor in 0.47 ms, found 0 plugins.
Preloading 0 native plugins for Editor in 0.00 ms.
Mono: successfully reloaded assembly
- Completed reload, in  0.866 seconds
Platform modules already initialized, skipping
Shader 'Universal Render Pipeline/Particles/Lit': fallback shader 'Universal Render Pipeline/Particles/SimpleLit' not found
Shader 'Universal Render Pipeline/Particles/Lit': fallback shader 'Universal Render Pipeline/Particles/SimpleLit' not found
Refreshing native plugins compatible for Editor in 0.50 ms, found 0 plugins.
Preloading 0 native plugins for Editor in 0.00 ms.
Unloading 3064 Unused Serialized files (Serialized files now loaded: 0)
System memory in use before: 147.3 MB.
System memory in use after: 143.9 MB.

Unloading 55 unused Assets to reduce memory usage. Loaded Objects now: 3682.
Total: 4.198200 ms (FindLiveObjects: 0.344700 ms CreateObjectMapping: 0.189000 ms MarkObjects: 2.043100 ms  DeleteObjects: 1.620300 ms)

AssetImportWorkerClient::OnTransportError - code=2 error=End of file
