Using pre-set license
Built from '2020.3/staging' branch; Version is '2020.3.5f1 (8095aa901b9b) revision 8426922'; Using compiler version '192528614'; Build Type 'Release'
OS: 'Windows 10 Education; OS build 19044.1288; Version 2009; 64bit' Language: 'en' Physical Memory: 32617 MB
BatchMode: 1, IsHumanControllingUs: 0, StartBugReporterOnCrash: 0, Is64bit: 1, IsPro: 0

 COMMAND LINE ARGUMENTS:
C:\Program Files\Unity\Hub\Editor\2020.3.5f1\Editor\Unity.exe
-adb2
-batchMode
-noUpm
-name
AssetImportWorker0
-projectPath
L:/GraphicsUnityProject/YourFirstShaderInUnity/URP Project
-logFile
Logs/AssetImportWorker0.log
-srvPort
60511
Successfully changed project path to: L:/GraphicsUnityProject/YourFirstShaderInUnity/URP Project
L:/GraphicsUnityProject/YourFirstShaderInUnity/URP Project
Using Asset Import Pipeline V2.
Refreshing native plugins compatible for Editor in 55.51 ms, found 0 plugins.
Preloading 0 native plugins for Editor in 0.00 ms.
Initialize engine version: 2020.3.5f1 (8095aa901b9b)
[Subsystems] Discovering subsystems at path C:/Program Files/Unity/Hub/Editor/2020.3.5f1/Editor/Data/Resources/UnitySubsystems
[Subsystems] Discovering subsystems at path L:/GraphicsUnityProject/YourFirstShaderInUnity/URP Project/Assets
GfxDevice: creating device client; threaded=0
Direct3D:
    Version:  Direct3D 11.0 [level 11.1]
    Renderer: NVIDIA GeForce RTX 3060 Ti (ID=0x2489)
    Vendor:   
    VRAM:     8050 MB
    Driver:   30.0.14.9676
Initialize mono
Mono path[0] = 'C:/Program Files/Unity/Hub/Editor/2020.3.5f1/Editor/Data/Managed'
Mono path[1] = 'C:/Program Files/Unity/Hub/Editor/2020.3.5f1/Editor/Data/MonoBleedingEdge/lib/mono/unityjit'
Mono config path = 'C:/Program Files/Unity/Hub/Editor/2020.3.5f1/Editor/Data/MonoBleedingEdge/etc'
Using monoOptions --debugger-agent=transport=dt_socket,embedding=1,server=y,suspend=n,address=127.0.0.1:56460
Begin MonoManager ReloadAssembly
Registering precompiled unity dll's ...
Register platform support module: C:/Program Files/Unity/Hub/Editor/2020.3.5f1/Editor/Data/PlaybackEngines/WebGLSupport/UnityEditor.WebGL.Extensions.dll
Register platform support module: C:/Program Files/Unity/Hub/Editor/2020.3.5f1/Editor/Data/PlaybackEngines/WindowsStandaloneSupport/UnityEditor.WindowsStandalone.Extensions.dll
Registered in 0.002188 seconds.
Native extension for WindowsStandalone target not found
Native extension for WebGL target not found
Refreshing native plugins compatible for Editor in 43.54 ms, found 0 plugins.
Preloading 0 native plugins for Editor in 0.00 ms.
Mono: successfully reloaded assembly
- Completed reload, in  0.898 seconds
Platform modules already initialized, skipping
Registering precompiled user dll's ...
Registered in 0.094092 seconds.
Begin MonoManager ReloadAssembly
Native extension for WindowsStandalone target not found
Native extension for WebGL target not found
Refreshing native plugins compatible for Editor in 44.99 ms, found 0 plugins.
Preloading 0 native plugins for Editor in 0.00 ms.
Mono: successfully reloaded assembly
- Completed reload, in  4.393 seconds
Platform modules already initialized, skipping
========================================================================
Worker process is ready to serve import requests
Shader 'Universal Render Pipeline/Particles/Lit': fallback shader 'Universal Render Pipeline/Particles/SimpleLit' not found
Shader 'Universal Render Pipeline/Particles/Lit': fallback shader 'Universal Render Pipeline/Particles/SimpleLit' not found
Launched and connected shader compiler UnityShaderCompiler.exe after 0.03 seconds
Refreshing native plugins compatible for Editor in 0.48 ms, found 0 plugins.
Preloading 0 native plugins for Editor in 0.00 ms.
Unloading 3094 Unused Serialized files (Serialized files now loaded: 0)
System memory in use before: 141.8 MB.
System memory in use after: 139.1 MB.

Unloading 47 unused Assets to reduce memory usage. Loaded Objects now: 3509.
Total: 4.049500 ms (FindLiveObjects: 0.300300 ms CreateObjectMapping: 0.201900 ms MarkObjects: 2.469400 ms  DeleteObjects: 1.077100 ms)

========================================================================
Received Import Request.
  path: Assets/InputManager/FPS.inputactions
  artifactKey: Guid(456de3ebe77144148b5bdf97cfaeff8e) Importer(815301076,1909f56bfc062723c751e8b465ee728b)
Start importing Assets/InputManager/FPS.inputactions using Guid(456de3ebe77144148b5bdf97cfaeff8e) Importer(815301076,1909f56bfc062723c751e8b465ee728b)  -> (artifact id: '83576a3b340758dc146453cb9e124614') in 0.157287 seconds
  Import took 0.161571 seconds .

========================================================================
Received Prepare
Registering precompiled user dll's ...
Registered in 0.002423 seconds.
Begin MonoManager ReloadAssembly
Native extension for WindowsStandalone target not found
Native extension for WebGL target not found
Refreshing native plugins compatible for Editor in 0.48 ms, found 0 plugins.
Preloading 0 native plugins for Editor in 0.00 ms.
Mono: successfully reloaded assembly
- Completed reload, in  1.026 seconds
Platform modules already initialized, skipping
Shader 'Universal Render Pipeline/Particles/Lit': fallback shader 'Universal Render Pipeline/Particles/SimpleLit' not found
Shader 'Universal Render Pipeline/Particles/Lit': fallback shader 'Universal Render Pipeline/Particles/SimpleLit' not found
Refreshing native plugins compatible for Editor in 0.48 ms, found 0 plugins.
Preloading 0 native plugins for Editor in 0.00 ms.
Unloading 3010 Unused Serialized files (Serialized files now loaded: 0)
System memory in use before: 137.4 MB.
System memory in use after: 134.8 MB.

Unloading 40 unused Assets to reduce memory usage. Loaded Objects now: 3512.
Total: 6.011700 ms (FindLiveObjects: 0.535200 ms CreateObjectMapping: 0.459200 ms MarkObjects: 3.558300 ms  DeleteObjects: 1.457400 ms)

========================================================================
Received Prepare
Registering precompiled user dll's ...
Registered in 0.113016 seconds.
Begin MonoManager ReloadAssembly
Native extension for WindowsStandalone target not found
Native extension for WebGL target not found
Refreshing native plugins compatible for Editor in 0.48 ms, found 0 plugins.
Preloading 0 native plugins for Editor in 0.00 ms.
Mono: successfully reloaded assembly
- Completed reload, in  3.762 seconds
Platform modules already initialized, skipping
Shader 'Universal Render Pipeline/Particles/Lit': fallback shader 'Universal Render Pipeline/Particles/SimpleLit' not found
Shader 'Universal Render Pipeline/Particles/Lit': fallback shader 'Universal Render Pipeline/Particles/SimpleLit' not found
Refreshing native plugins compatible for Editor in 0.46 ms, found 0 plugins.
Preloading 0 native plugins for Editor in 0.00 ms.
Unloading 3010 Unused Serialized files (Serialized files now loaded: 0)
System memory in use before: 137.6 MB.
System memory in use after: 134.8 MB.

Unloading 40 unused Assets to reduce memory usage. Loaded Objects now: 3515.
Total: 3.977100 ms (FindLiveObjects: 0.290200 ms CreateObjectMapping: 0.119300 ms MarkObjects: 2.367300 ms  DeleteObjects: 1.199600 ms)

========================================================================
Received Prepare
Registering precompiled user dll's ...
Registered in 0.102131 seconds.
Begin MonoManager ReloadAssembly
Native extension for WindowsStandalone target not found
Native extension for WebGL target not found
Refreshing native plugins compatible for Editor in 0.53 ms, found 0 plugins.
Preloading 0 native plugins for Editor in 0.00 ms.
Mono: successfully reloaded assembly
- Completed reload, in  3.562 seconds
Platform modules already initialized, skipping
Shader 'Universal Render Pipeline/Particles/Lit': fallback shader 'Universal Render Pipeline/Particles/SimpleLit' not found
Shader 'Universal Render Pipeline/Particles/Lit': fallback shader 'Universal Render Pipeline/Particles/SimpleLit' not found
Refreshing native plugins compatible for Editor in 0.47 ms, found 0 plugins.
Preloading 0 native plugins for Editor in 0.00 ms.
Unloading 3010 Unused Serialized files (Serialized files now loaded: 0)
System memory in use before: 137.6 MB.
System memory in use after: 134.8 MB.

Unloading 40 unused Assets to reduce memory usage. Loaded Objects now: 3518.
Total: 4.333800 ms (FindLiveObjects: 0.318100 ms CreateObjectMapping: 0.156600 ms MarkObjects: 2.593300 ms  DeleteObjects: 1.264400 ms)

========================================================================
Received Import Request.
  Time since last request: 698.462261 seconds.
  path: Packages/com.unity.ugui/package.json
  artifactKey: Guid(319b8889f363f5947acf209c17a94149) Importer(815301076,1909f56bfc062723c751e8b465ee728b)
Start importing Packages/com.unity.ugui/package.json using Guid(319b8889f363f5947acf209c17a94149) Importer(815301076,1909f56bfc062723c751e8b465ee728b)  -> (artifact id: '0c59b3bf5b6cb12c5b2d064c3b977e98') in 0.152467 seconds
  Import took 0.156604 seconds .

========================================================================
Received Import Request.
  Time since last request: 172.267810 seconds.
  path: Assets/Scripts/GUIScripting.cs
  artifactKey: Guid(e7254b6a800495e4588edd0330b2f42c) Importer(815301076,1909f56bfc062723c751e8b465ee728b)
Start importing Assets/Scripts/GUIScripting.cs using Guid(e7254b6a800495e4588edd0330b2f42c) Importer(815301076,1909f56bfc062723c751e8b465ee728b)  -> (artifact id: 'd5aa58852ee0c2bea340f95309e96202') in 0.033781 seconds
  Import took 0.037915 seconds .

========================================================================
Received Prepare
Script is not up to date after domain reload: guid(1e7d61f3d4d74fc48bbf44ef83231380) path("Assets/Scripts/GUIScripting1.cs") state(2)
Registering precompiled user dll's ...
Registered in 0.090965 seconds.
Begin MonoManager ReloadAssembly
Native extension for WindowsStandalone target not found
Native extension for WebGL target not found
Refreshing native plugins compatible for Editor in 0.54 ms, found 0 plugins.
Preloading 0 native plugins for Editor in 0.00 ms.
Mono: successfully reloaded assembly
- Completed reload, in  2.432 seconds
Platform modules already initialized, skipping
Script is not up to date after domain reload: guid(1e7d61f3d4d74fc48bbf44ef83231380) path("Assets/Scripts/Second.cs") state(2)
Shader 'Universal Render Pipeline/Particles/Lit': fallback shader 'Universal Render Pipeline/Particles/SimpleLit' not found
Shader 'Universal Render Pipeline/Particles/Lit': fallback shader 'Universal Render Pipeline/Particles/SimpleLit' not found
Refreshing native plugins compatible for Editor in 0.53 ms, found 0 plugins.
Preloading 0 native plugins for Editor in 0.00 ms.
Unloading 3010 Unused Serialized files (Serialized files now loaded: 0)
System memory in use before: 137.5 MB.
System memory in use after: 134.9 MB.

Unloading 40 unused Assets to reduce memory usage. Loaded Objects now: 3521.
Total: 3.990900 ms (FindLiveObjects: 0.280100 ms CreateObjectMapping: 0.120400 ms MarkObjects: 2.296800 ms  DeleteObjects: 1.293000 ms)

========================================================================
Received Import Request.
  Time since last request: 31.721698 seconds.
  path: Assets/Scripts/Second.cs
  artifactKey: Guid(1e7d61f3d4d74fc48bbf44ef83231380) Importer(815301076,1909f56bfc062723c751e8b465ee728b)
Start importing Assets/Scripts/Second.cs using Guid(1e7d61f3d4d74fc48bbf44ef83231380) Importer(815301076,1909f56bfc062723c751e8b465ee728b)  -> (artifact id: '00000000000000000000000000000000') in 0.001519 seconds
  ERROR: Build asset version error: assets/scripts/second.cs in SourceAssetDB has modification time of '2022-04-26T04:09:37.7796279Z' while content on disk has modification time of '2022-04-26T04:20:36.9135003Z'
  Import took 0.005222 seconds .

========================================================================
Received Import Request.
  Time since last request: 0.034174 seconds.
  path: Assets/Scripts/Second.cs
  artifactKey: Guid(1e7d61f3d4d74fc48bbf44ef83231380) Importer(815301076,1909f56bfc062723c751e8b465ee728b)
Start importing Assets/Scripts/Second.cs using Guid(1e7d61f3d4d74fc48bbf44ef83231380) Importer(815301076,1909f56bfc062723c751e8b465ee728b)  -> (artifact id: '00000000000000000000000000000000') in 0.000319 seconds
  ERROR: Build asset version error: assets/scripts/second.cs in SourceAssetDB has modification time of '2022-04-26T04:09:37.7796279Z' while content on disk has modification time of '2022-04-26T04:20:36.9135003Z'
  Import took 0.003897 seconds .

========================================================================
Received Import Request.
  Time since last request: 0.109702 seconds.
  path: Assets/Scripts/Second.cs
  artifactKey: Guid(1e7d61f3d4d74fc48bbf44ef83231380) Importer(815301076,1909f56bfc062723c751e8b465ee728b)
Start importing Assets/Scripts/Second.cs using Guid(1e7d61f3d4d74fc48bbf44ef83231380) Importer(815301076,1909f56bfc062723c751e8b465ee728b)  -> (artifact id: '00000000000000000000000000000000') in 0.000524 seconds
  ERROR: Build asset version error: assets/scripts/second.cs in SourceAssetDB has modification time of '2022-04-26T04:09:37.7796279Z' while content on disk has modification time of '2022-04-26T04:20:36.9135003Z'
  Import took 0.004115 seconds .

========================================================================
Received Import Request.
  Time since last request: 0.109604 seconds.
  path: Assets/Scripts/Second.cs
  artifactKey: Guid(1e7d61f3d4d74fc48bbf44ef83231380) Importer(815301076,1909f56bfc062723c751e8b465ee728b)
Start importing Assets/Scripts/Second.cs using Guid(1e7d61f3d4d74fc48bbf44ef83231380) Importer(815301076,1909f56bfc062723c751e8b465ee728b)  -> (artifact id: '00000000000000000000000000000000') in 0.000330 seconds
  ERROR: Build asset version error: assets/scripts/second.cs in SourceAssetDB has modification time of '2022-04-26T04:09:37.7796279Z' while content on disk has modification time of '2022-04-26T04:20:36.9135003Z'
  Import took 0.004054 seconds .

========================================================================
Received Import Request.
  Time since last request: 0.110856 seconds.
  path: Assets/Scripts/Second.cs
  artifactKey: Guid(1e7d61f3d4d74fc48bbf44ef83231380) Importer(815301076,1909f56bfc062723c751e8b465ee728b)
Start importing Assets/Scripts/Second.cs using Guid(1e7d61f3d4d74fc48bbf44ef83231380) Importer(815301076,1909f56bfc062723c751e8b465ee728b)  -> (artifact id: '00000000000000000000000000000000') in 0.000280 seconds
  ERROR: Build asset version error: assets/scripts/second.cs in SourceAssetDB has modification time of '2022-04-26T04:09:37.7796279Z' while content on disk has modification time of '2022-04-26T04:20:36.9135003Z'
  Import took 0.003800 seconds .

========================================================================
Received Import Request.
  Time since last request: 0.113960 seconds.
  path: Assets/Scripts/Second.cs
  artifactKey: Guid(1e7d61f3d4d74fc48bbf44ef83231380) Importer(815301076,1909f56bfc062723c751e8b465ee728b)
Start importing Assets/Scripts/Second.cs using Guid(1e7d61f3d4d74fc48bbf44ef83231380) Importer(815301076,1909f56bfc062723c751e8b465ee728b)  -> (artifact id: '00000000000000000000000000000000') in 0.000296 seconds
  ERROR: Build asset version error: assets/scripts/second.cs in SourceAssetDB has modification time of '2022-04-26T04:09:37.7796279Z' while content on disk has modification time of '2022-04-26T04:20:36.9135003Z'
  Import took 0.004000 seconds .

========================================================================
Received Import Request.
  Time since last request: 0.117452 seconds.
  path: Assets/Scripts/Second.cs
  artifactKey: Guid(1e7d61f3d4d74fc48bbf44ef83231380) Importer(815301076,1909f56bfc062723c751e8b465ee728b)
Start importing Assets/Scripts/Second.cs using Guid(1e7d61f3d4d74fc48bbf44ef83231380) Importer(815301076,1909f56bfc062723c751e8b465ee728b)  -> (artifact id: '00000000000000000000000000000000') in 0.000285 seconds
  ERROR: Build asset version error: assets/scripts/second.cs in SourceAssetDB has modification time of '2022-04-26T04:09:37.7796279Z' while content on disk has modification time of '2022-04-26T04:20:36.9135003Z'
  Import took 0.004402 seconds .

========================================================================
Received Import Request.
  Time since last request: 0.109494 seconds.
  path: Assets/Scripts/Second.cs
  artifactKey: Guid(1e7d61f3d4d74fc48bbf44ef83231380) Importer(815301076,1909f56bfc062723c751e8b465ee728b)
Start importing Assets/Scripts/Second.cs using Guid(1e7d61f3d4d74fc48bbf44ef83231380) Importer(815301076,1909f56bfc062723c751e8b465ee728b)  -> (artifact id: '00000000000000000000000000000000') in 0.010722 seconds
  ERROR: Build asset version error: assets/scripts/second.cs in SourceAssetDB has modification time of '2022-04-26T04:09:37.7796279Z' while content on disk has modification time of '2022-04-26T04:20:36.9135003Z'
  Import took 0.014441 seconds .

========================================================================
Received Import Request.
  Time since last request: 0.012665 seconds.
  path: Assets/Scripts/Second.cs
  artifactKey: Guid(1e7d61f3d4d74fc48bbf44ef83231380) Importer(815301076,1909f56bfc062723c751e8b465ee728b)
Start importing Assets/Scripts/Second.cs using Guid(1e7d61f3d4d74fc48bbf44ef83231380) Importer(815301076,1909f56bfc062723c751e8b465ee728b)  -> (artifact id: '00000000000000000000000000000000') in 0.000881 seconds
  ERROR: Build asset version error: assets/scripts/second.cs in SourceAssetDB has modification time of '2022-04-26T04:09:37.7796279Z' while content on disk has modification time of '2022-04-26T04:20:36.9135003Z'
  Import took 0.011145 seconds .

========================================================================
Received Import Request.
  Time since last request: 0.106191 seconds.
  path: Assets/Scripts/Second.cs
  artifactKey: Guid(1e7d61f3d4d74fc48bbf44ef83231380) Importer(815301076,1909f56bfc062723c751e8b465ee728b)
Start importing Assets/Scripts/Second.cs using Guid(1e7d61f3d4d74fc48bbf44ef83231380) Importer(815301076,1909f56bfc062723c751e8b465ee728b)  -> (artifact id: '00000000000000000000000000000000') in 0.000275 seconds
  ERROR: Build asset version error: assets/scripts/second.cs in SourceAssetDB has modification time of '2022-04-26T04:09:37.7796279Z' while content on disk has modification time of '2022-04-26T04:20:36.9135003Z'
  Import took 0.003907 seconds .

========================================================================
Received Import Request.
  Time since last request: 0.110600 seconds.
  path: Assets/Scripts/Second.cs
  artifactKey: Guid(1e7d61f3d4d74fc48bbf44ef83231380) Importer(815301076,1909f56bfc062723c751e8b465ee728b)
Start importing Assets/Scripts/Second.cs using Guid(1e7d61f3d4d74fc48bbf44ef83231380) Importer(815301076,1909f56bfc062723c751e8b465ee728b)  -> (artifact id: '00000000000000000000000000000000') in 0.000286 seconds
  ERROR: Build asset version error: assets/scripts/second.cs in SourceAssetDB has modification time of '2022-04-26T04:09:37.7796279Z' while content on disk has modification time of '2022-04-26T04:20:36.9135003Z'
  Import took 0.003994 seconds .

========================================================================
Received Import Request.
  Time since last request: 0.009538 seconds.
  path: Assets/Scripts/Second.cs
  artifactKey: Guid(1e7d61f3d4d74fc48bbf44ef83231380) Importer(815301076,1909f56bfc062723c751e8b465ee728b)
Start importing Assets/Scripts/Second.cs using Guid(1e7d61f3d4d74fc48bbf44ef83231380) Importer(815301076,1909f56bfc062723c751e8b465ee728b)  -> (artifact id: '00000000000000000000000000000000') in 0.000321 seconds
  ERROR: Build asset version error: assets/scripts/second.cs in SourceAssetDB has modification time of '2022-04-26T04:09:37.7796279Z' while content on disk has modification time of '2022-04-26T04:20:36.9135003Z'
  Import took 0.004291 seconds .

========================================================================
Received Import Request.
  Time since last request: 0.109048 seconds.
  path: Assets/Scripts/Second.cs
  artifactKey: Guid(1e7d61f3d4d74fc48bbf44ef83231380) Importer(815301076,1909f56bfc062723c751e8b465ee728b)
Start importing Assets/Scripts/Second.cs using Guid(1e7d61f3d4d74fc48bbf44ef83231380) Importer(815301076,1909f56bfc062723c751e8b465ee728b)  -> (artifact id: '00000000000000000000000000000000') in 0.000298 seconds
  ERROR: Build asset version error: assets/scripts/second.cs in SourceAssetDB has modification time of '2022-04-26T04:09:37.7796279Z' while content on disk has modification time of '2022-04-26T04:20:36.9135003Z'
  Import took 0.004191 seconds .

========================================================================
Received Prepare
Registering precompiled user dll's ...
Registered in 0.002532 seconds.
Begin MonoManager ReloadAssembly
Native extension for WindowsStandalone target not found
Native extension for WebGL target not found
Refreshing native plugins compatible for Editor in 0.44 ms, found 0 plugins.
Preloading 0 native plugins for Editor in 0.00 ms.
Mono: successfully reloaded assembly
- Completed reload, in  3.545 seconds
Platform modules already initialized, skipping
Shader 'Universal Render Pipeline/Particles/Lit': fallback shader 'Universal Render Pipeline/Particles/SimpleLit' not found
Shader 'Universal Render Pipeline/Particles/Lit': fallback shader 'Universal Render Pipeline/Particles/SimpleLit' not found
Refreshing native plugins compatible for Editor in 0.46 ms, found 0 plugins.
Preloading 0 native plugins for Editor in 0.00 ms.
Unloading 3011 Unused Serialized files (Serialized files now loaded: 0)
System memory in use before: 137.6 MB.
System memory in use after: 134.9 MB.

Unloading 40 unused Assets to reduce memory usage. Loaded Objects now: 3525.
Total: 4.631600 ms (FindLiveObjects: 0.359600 ms CreateObjectMapping: 0.199900 ms MarkObjects: 2.746900 ms  DeleteObjects: 1.323700 ms)

========================================================================
Received Import Request.
  Time since last request: 27.017598 seconds.
  path: Assets/Scripts/Second.cs
  artifactKey: Guid(1e7d61f3d4d74fc48bbf44ef83231380) Importer(815301076,1909f56bfc062723c751e8b465ee728b)
Start importing Assets/Scripts/Second.cs using Guid(1e7d61f3d4d74fc48bbf44ef83231380) Importer(815301076,1909f56bfc062723c751e8b465ee728b)  -> (artifact id: '89137c60671843c4ecc843bb4a22d0d7') in 0.040670 seconds
  Import took 0.044719 seconds .

========================================================================
Received Prepare
Registering precompiled user dll's ...
Registered in 0.002576 seconds.
Begin MonoManager ReloadAssembly
Native extension for WindowsStandalone target not found
Native extension for WebGL target not found
Refreshing native plugins compatible for Editor in 0.49 ms, found 0 plugins.
Preloading 0 native plugins for Editor in 0.00 ms.
Mono: successfully reloaded assembly
- Completed reload, in  1.039 seconds
Platform modules already initialized, skipping
Shader 'Universal Render Pipeline/Particles/Lit': fallback shader 'Universal Render Pipeline/Particles/SimpleLit' not found
Shader 'Universal Render Pipeline/Particles/Lit': fallback shader 'Universal Render Pipeline/Particles/SimpleLit' not found
Refreshing native plugins compatible for Editor in 0.45 ms, found 0 plugins.
Preloading 0 native plugins for Editor in 0.00 ms.
Unloading 3011 Unused Serialized files (Serialized files now loaded: 0)
System memory in use before: 137.6 MB.
System memory in use after: 134.9 MB.

Unloading 40 unused Assets to reduce memory usage. Loaded Objects now: 3528.
Total: 3.756200 ms (FindLiveObjects: 0.288400 ms CreateObjectMapping: 0.132600 ms MarkObjects: 2.059300 ms  DeleteObjects: 1.275100 ms)

========================================================================
Received Prepare
Registering precompiled user dll's ...
Registered in 0.102287 seconds.
Begin MonoManager ReloadAssembly
Native extension for WindowsStandalone target not found
Native extension for WebGL target not found
Refreshing native plugins compatible for Editor in 0.55 ms, found 0 plugins.
Preloading 0 native plugins for Editor in 0.00 ms.
Mono: successfully reloaded assembly
- Completed reload, in  3.342 seconds
Platform modules already initialized, skipping
Shader 'Universal Render Pipeline/Particles/Lit': fallback shader 'Universal Render Pipeline/Particles/SimpleLit' not found
Shader 'Universal Render Pipeline/Particles/Lit': fallback shader 'Universal Render Pipeline/Particles/SimpleLit' not found
Refreshing native plugins compatible for Editor in 0.63 ms, found 0 plugins.
Preloading 0 native plugins for Editor in 0.00 ms.
Unloading 3011 Unused Serialized files (Serialized files now loaded: 0)
System memory in use before: 137.6 MB.
System memory in use after: 134.9 MB.

Unloading 40 unused Assets to reduce memory usage. Loaded Objects now: 3531.
Total: 4.357400 ms (FindLiveObjects: 0.330900 ms CreateObjectMapping: 0.170900 ms MarkObjects: 2.497000 ms  DeleteObjects: 1.357500 ms)

========================================================================
Received Prepare
Registering precompiled user dll's ...
Registered in 0.002876 seconds.
Begin MonoManager ReloadAssembly
Native extension for WindowsStandalone target not found
Native extension for WebGL target not found
Refreshing native plugins compatible for Editor in 0.45 ms, found 0 plugins.
Preloading 0 native plugins for Editor in 0.00 ms.
Mono: successfully reloaded assembly
- Completed reload, in  3.758 seconds
Platform modules already initialized, skipping
Shader 'Universal Render Pipeline/Particles/Lit': fallback shader 'Universal Render Pipeline/Particles/SimpleLit' not found
Shader 'Universal Render Pipeline/Particles/Lit': fallback shader 'Universal Render Pipeline/Particles/SimpleLit' not found
Refreshing native plugins compatible for Editor in 0.49 ms, found 0 plugins.
Preloading 0 native plugins for Editor in 0.00 ms.
Unloading 3011 Unused Serialized files (Serialized files now loaded: 0)
System memory in use before: 137.6 MB.
System memory in use after: 134.9 MB.

Unloading 40 unused Assets to reduce memory usage. Loaded Objects now: 3534.
Total: 4.322300 ms (FindLiveObjects: 0.298000 ms CreateObjectMapping: 0.170200 ms MarkObjects: 2.492300 ms  DeleteObjects: 1.360900 ms)

========================================================================
Received Prepare
Registering precompiled user dll's ...
Registered in 0.002518 seconds.
Begin MonoManager ReloadAssembly
Native extension for WindowsStandalone target not found
Native extension for WebGL target not found
Refreshing native plugins compatible for Editor in 0.52 ms, found 0 plugins.
Preloading 0 native plugins for Editor in 0.00 ms.
Mono: successfully reloaded assembly
- Completed reload, in  1.034 seconds
Platform modules already initialized, skipping
Shader 'Universal Render Pipeline/Particles/Lit': fallback shader 'Universal Render Pipeline/Particles/SimpleLit' not found
Shader 'Universal Render Pipeline/Particles/Lit': fallback shader 'Universal Render Pipeline/Particles/SimpleLit' not found
Refreshing native plugins compatible for Editor in 0.45 ms, found 0 plugins.
Preloading 0 native plugins for Editor in 0.00 ms.
Unloading 3011 Unused Serialized files (Serialized files now loaded: 0)
System memory in use before: 137.6 MB.
System memory in use after: 134.9 MB.

Unloading 40 unused Assets to reduce memory usage. Loaded Objects now: 3537.
Total: 4.524500 ms (FindLiveObjects: 0.402000 ms CreateObjectMapping: 0.185900 ms MarkObjects: 2.578700 ms  DeleteObjects: 1.357000 ms)

========================================================================
Received Import Request.
  Time since last request: 199.928776 seconds.
  path: Packages/com.unity.render-pipelines.universal/Runtime/Materials/ParticlesUnlit.mat
  artifactKey: Guid(e823cd5b5d27c0f4b8256e7c12ee3e6d) Importer(815301076,1909f56bfc062723c751e8b465ee728b)
Start importing Packages/com.unity.render-pipelines.universal/Runtime/Materials/ParticlesUnlit.mat using Guid(e823cd5b5d27c0f4b8256e7c12ee3e6d) Importer(815301076,1909f56bfc062723c751e8b465ee728b)  -> (artifact id: 'c2a5c5add3db12c83efcce3278d675f2') in 0.316770 seconds
  Import took 0.321472 seconds .

========================================================================
Received Import Request.
  Time since last request: 0.022485 seconds.
  path: Packages/com.unity.render-pipelines.universal/Runtime/Materials/ParticlesUnlit.mat
  artifactKey: Guid(e823cd5b5d27c0f4b8256e7c12ee3e6d) Importer(815301076,1909f56bfc062723c751e8b465ee728b)
Start importing Packages/com.unity.render-pipelines.universal/Runtime/Materials/ParticlesUnlit.mat using Guid(e823cd5b5d27c0f4b8256e7c12ee3e6d) Importer(815301076,1909f56bfc062723c751e8b465ee728b)  -> (artifact id: 'c2a5c5add3db12c83efcce3278d675f2') in 0.034295 seconds
  Import took 0.039768 seconds .

========================================================================
Received Prepare
Registering precompiled user dll's ...
Registered in 0.103923 seconds.
Begin MonoManager ReloadAssembly
Native extension for WindowsStandalone target not found
Native extension for WebGL target not found
Refreshing native plugins compatible for Editor in 0.47 ms, found 0 plugins.
Preloading 0 native plugins for Editor in 0.00 ms.
Mono: successfully reloaded assembly
- Completed reload, in  3.987 seconds
Platform modules already initialized, skipping
Shader 'Universal Render Pipeline/Particles/Lit': fallback shader 'Universal Render Pipeline/Particles/SimpleLit' not found
Shader 'Universal Render Pipeline/Particles/Lit': fallback shader 'Universal Render Pipeline/Particles/SimpleLit' not found
Refreshing native plugins compatible for Editor in 0.45 ms, found 0 plugins.
Preloading 0 native plugins for Editor in 0.00 ms.
Unloading 3011 Unused Serialized files (Serialized files now loaded: 0)
System memory in use before: 143.0 MB.
System memory in use after: 140.4 MB.

Unloading 40 unused Assets to reduce memory usage. Loaded Objects now: 3619.
Total: 4.016700 ms (FindLiveObjects: 0.366600 ms CreateObjectMapping: 0.168100 ms MarkObjects: 2.318400 ms  DeleteObjects: 1.162000 ms)

========================================================================
Received Import Request.
  Time since last request: 289.993391 seconds.
  path: Assets/Materials/fire_mat.mat
  artifactKey: Guid(223dac1f5f5a5be46a19eab7a2d52900) Importer(815301076,1909f56bfc062723c751e8b465ee728b)
Start importing Assets/Materials/fire_mat.mat using Guid(223dac1f5f5a5be46a19eab7a2d52900) Importer(815301076,1909f56bfc062723c751e8b465ee728b)  -> (artifact id: '42e832389ca53dbd772d577c467d7f37') in 0.255795 seconds
  Import took 0.260416 seconds .

========================================================================
Received Import Request.
  Time since last request: 58.402168 seconds.
  path: Assets/Materials/download.jfif
  artifactKey: Guid(399e29de61f731d458b3ad496c178030) Importer(815301076,1909f56bfc062723c751e8b465ee728b)
Start importing Assets/Materials/download.jfif using Guid(399e29de61f731d458b3ad496c178030) Importer(815301076,1909f56bfc062723c751e8b465ee728b)  -> (artifact id: '7909d29e6f1363b99b3e633825d62845') in 0.040013 seconds
  Import took 0.044201 seconds .

========================================================================
Received Import Request.
  Time since last request: 12.887572 seconds.
  path: Assets/Materials/download.png
  artifactKey: Guid(ce7f0b4622a92c644885e6e05322b816) Importer(815301076,1909f56bfc062723c751e8b465ee728b)
Start importing Assets/Materials/download.png using Guid(ce7f0b4622a92c644885e6e05322b816) Importer(815301076,1909f56bfc062723c751e8b465ee728b)  -> (artifact id: '13124be6ba3774087b1590503cbd239d') in 0.054450 seconds
  Import took 0.058484 seconds .

========================================================================
Received Import Request.
  Time since last request: 54.097023 seconds.
  path: Assets/Materials/351-3513201_fire-png-flame-transparent-png.png
  artifactKey: Guid(e3eaf1a0bd21180478106afe7cea6642) Importer(815301076,1909f56bfc062723c751e8b465ee728b)
Start importing Assets/Materials/351-3513201_fire-png-flame-transparent-png.png using Guid(e3eaf1a0bd21180478106afe7cea6642) Importer(815301076,1909f56bfc062723c751e8b465ee728b)  -> (artifact id: '0e63b214d8a5494fc3deae5a2032b6d6') in 0.060558 seconds
  Import took 0.064781 seconds .

========================================================================
Received Import Request.
  Time since last request: 197.988266 seconds.
  path: Assets/Materials/d592b099af8623be202b7be634b11507.png
  artifactKey: Guid(a928c4df7f92f5f4aaec8e58540740c3) Importer(815301076,1909f56bfc062723c751e8b465ee728b)
Start importing Assets/Materials/d592b099af8623be202b7be634b11507.png using Guid(a928c4df7f92f5f4aaec8e58540740c3) Importer(815301076,1909f56bfc062723c751e8b465ee728b)  -> (artifact id: 'e36ec7a903a27fa643b5d0a0e5fa9f6a') in 0.058479 seconds
  Import took 0.063661 seconds .

========================================================================
Received Prepare
Registering precompiled user dll's ...
Registered in 0.101526 seconds.
Begin MonoManager ReloadAssembly
Native extension for WindowsStandalone target not found
Native extension for WebGL target not found
Refreshing native plugins compatible for Editor in 0.45 ms, found 0 plugins.
Preloading 0 native plugins for Editor in 0.00 ms.
Mono: successfully reloaded assembly
- Completed reload, in  3.689 seconds
Platform modules already initialized, skipping
Shader 'Universal Render Pipeline/Particles/Lit': fallback shader 'Universal Render Pipeline/Particles/SimpleLit' not found
Shader 'Universal Render Pipeline/Particles/Lit': fallback shader 'Universal Render Pipeline/Particles/SimpleLit' not found
Refreshing native plugins compatible for Editor in 0.46 ms, found 0 plugins.
Preloading 0 native plugins for Editor in 0.00 ms.
Unloading 3010 Unused Serialized files (Serialized files now loaded: 0)
System memory in use before: 143.2 MB.
System memory in use after: 140.5 MB.

Unloading 39 unused Assets to reduce memory usage. Loaded Objects now: 3660.
Total: 4.156900 ms (FindLiveObjects: 0.472800 ms CreateObjectMapping: 0.220500 ms MarkObjects: 2.199200 ms  DeleteObjects: 1.262500 ms)

========================================================================
Received Prepare
Registering precompiled user dll's ...
Registered in 0.002728 seconds.
Begin MonoManager ReloadAssembly
Native extension for WindowsStandalone target not found
Native extension for WebGL target not found
Refreshing native plugins compatible for Editor in 0.51 ms, found 0 plugins.
Preloading 0 native plugins for Editor in 0.00 ms.
Mono: successfully reloaded assembly
- Completed reload, in  3.842 seconds
Platform modules already initialized, skipping
Shader 'Universal Render Pipeline/Particles/Lit': fallback shader 'Universal Render Pipeline/Particles/SimpleLit' not found
Shader 'Universal Render Pipeline/Particles/Lit': fallback shader 'Universal Render Pipeline/Particles/SimpleLit' not found
Refreshing native plugins compatible for Editor in 0.46 ms, found 0 plugins.
Preloading 0 native plugins for Editor in 0.00 ms.
Unloading 3010 Unused Serialized files (Serialized files now loaded: 0)
System memory in use before: 143.1 MB.
System memory in use after: 140.5 MB.

Unloading 39 unused Assets to reduce memory usage. Loaded Objects now: 3663.
Total: 5.066200 ms (FindLiveObjects: 0.367700 ms CreateObjectMapping: 0.210100 ms MarkObjects: 2.868200 ms  DeleteObjects: 1.618500 ms)

========================================================================
Received Import Request.
  Time since last request: 638.311480 seconds.
  path: Assets/Materials/Images
  artifactKey: Guid(ebb1704474ae96043a2c436d9cd9d596) Importer(815301076,1909f56bfc062723c751e8b465ee728b)
Start importing Assets/Materials/Images using Guid(ebb1704474ae96043a2c436d9cd9d596) Importer(815301076,1909f56bfc062723c751e8b465ee728b)  -> (artifact id: '357fee2dbef281ec8cae6c04cd425c58') in 0.036462 seconds
  Import took 0.042886 seconds .

========================================================================
Received Prepare
Registering precompiled user dll's ...
Registered in 0.002457 seconds.
Begin MonoManager ReloadAssembly
Native extension for WindowsStandalone target not found
Native extension for WebGL target not found
Refreshing native plugins compatible for Editor in 0.59 ms, found 0 plugins.
Preloading 0 native plugins for Editor in 0.00 ms.
Mono: successfully reloaded assembly
- Completed reload, in  2.707 seconds
Platform modules already initialized, skipping
Shader 'Universal Render Pipeline/Particles/Lit': fallback shader 'Universal Render Pipeline/Particles/SimpleLit' not found
Shader 'Universal Render Pipeline/Particles/Lit': fallback shader 'Universal Render Pipeline/Particles/SimpleLit' not found
Refreshing native plugins compatible for Editor in 0.52 ms, found 0 plugins.
Preloading 0 native plugins for Editor in 0.00 ms.
Unloading 3010 Unused Serialized files (Serialized files now loaded: 0)
System memory in use before: 143.1 MB.
System memory in use after: 140.5 MB.

Unloading 39 unused Assets to reduce memory usage. Loaded Objects now: 3666.
Total: 4.331500 ms (FindLiveObjects: 0.384200 ms CreateObjectMapping: 0.181400 ms MarkObjects: 2.367200 ms  DeleteObjects: 1.397400 ms)

========================================================================
Received Prepare
Registering precompiled user dll's ...
Registered in 0.100887 seconds.
Begin MonoManager ReloadAssembly
Native extension for WindowsStandalone target not found
Native extension for WebGL target not found
Refreshing native plugins compatible for Editor in 0.45 ms, found 0 plugins.
Preloading 0 native plugins for Editor in 0.00 ms.
Mono: successfully reloaded assembly
- Completed reload, in  3.704 seconds
Platform modules already initialized, skipping
Shader 'Universal Render Pipeline/Particles/Lit': fallback shader 'Universal Render Pipeline/Particles/SimpleLit' not found
Shader 'Universal Render Pipeline/Particles/Lit': fallback shader 'Universal Render Pipeline/Particles/SimpleLit' not found
Refreshing native plugins compatible for Editor in 0.51 ms, found 0 plugins.
Preloading 0 native plugins for Editor in 0.00 ms.
Unloading 3010 Unused Serialized files (Serialized files now loaded: 0)
System memory in use before: 143.2 MB.
System memory in use after: 140.5 MB.

Unloading 39 unused Assets to reduce memory usage. Loaded Objects now: 3669.
Total: 4.027900 ms (FindLiveObjects: 0.268800 ms CreateObjectMapping: 0.155800 ms MarkObjects: 2.235700 ms  DeleteObjects: 1.288900 ms)

========================================================================
Received Prepare
Registering precompiled user dll's ...
Registered in 0.100267 seconds.
Begin MonoManager ReloadAssembly
Native extension for WindowsStandalone target not found
Native extension for WebGL target not found
Refreshing native plugins compatible for Editor in 0.77 ms, found 0 plugins.
Preloading 0 native plugins for Editor in 0.00 ms.
Mono: successfully reloaded assembly
- Completed reload, in  3.832 seconds
Platform modules already initialized, skipping
Shader 'Universal Render Pipeline/Particles/Lit': fallback shader 'Universal Render Pipeline/Particles/SimpleLit' not found
Shader 'Universal Render Pipeline/Particles/Lit': fallback shader 'Universal Render Pipeline/Particles/SimpleLit' not found
Refreshing native plugins compatible for Editor in 0.64 ms, found 0 plugins.
Preloading 0 native plugins for Editor in 0.00 ms.
Unloading 3010 Unused Serialized files (Serialized files now loaded: 0)
System memory in use before: 143.2 MB.
System memory in use after: 140.6 MB.

Unloading 39 unused Assets to reduce memory usage. Loaded Objects now: 3672.
Total: 4.098900 ms (FindLiveObjects: 0.407600 ms CreateObjectMapping: 0.209600 ms MarkObjects: 2.104600 ms  DeleteObjects: 1.375400 ms)

========================================================================
Received Import Request.
  Time since last request: 1527.285594 seconds.
  path: Assets/Scripts/MainMat.cs
  artifactKey: Guid(e7254b6a800495e4588edd0330b2f42c) Importer(815301076,1909f56bfc062723c751e8b465ee728b)
Start importing Assets/Scripts/MainMat.cs using Guid(e7254b6a800495e4588edd0330b2f42c) Importer(815301076,1909f56bfc062723c751e8b465ee728b)  -> (artifact id: 'ec4416ecbd4d715443b14d7129869fdf') in 0.231368 seconds
  Import took 0.235733 seconds .

========================================================================
Received Import Request.
  Time since last request: 0.000216 seconds.
  path: Assets/Scripts/Second.cs
  artifactKey: Guid(1e7d61f3d4d74fc48bbf44ef83231380) Importer(815301076,1909f56bfc062723c751e8b465ee728b)
Start importing Assets/Scripts/Second.cs using Guid(1e7d61f3d4d74fc48bbf44ef83231380) Importer(815301076,1909f56bfc062723c751e8b465ee728b)  -> (artifact id: 'b75b44df37c961c4b2af6ecd3dc11a34') in 0.093756 seconds
  Import took 0.097658 seconds .

========================================================================
Received Prepare
Registering precompiled user dll's ...
Registered in 0.004936 seconds.
Begin MonoManager ReloadAssembly
Native extension for WindowsStandalone target not found
Native extension for WebGL target not found
Refreshing native plugins compatible for Editor in 0.47 ms, found 0 plugins.
Preloading 0 native plugins for Editor in 0.00 ms.
Mono: successfully reloaded assembly
- Completed reload, in  4.589 seconds
Platform modules already initialized, skipping
Shader 'Universal Render Pipeline/Particles/Lit': fallback shader 'Universal Render Pipeline/Particles/SimpleLit' not found
Shader 'Universal Render Pipeline/Particles/Lit': fallback shader 'Universal Render Pipeline/Particles/SimpleLit' not found
Refreshing native plugins compatible for Editor in 0.47 ms, found 0 plugins.
Preloading 0 native plugins for Editor in 0.00 ms.
Unloading 3010 Unused Serialized files (Serialized files now loaded: 0)
System memory in use before: 143.2 MB.
System memory in use after: 140.6 MB.

Unloading 39 unused Assets to reduce memory usage. Loaded Objects now: 3675.
Total: 4.092300 ms (FindLiveObjects: 0.346000 ms CreateObjectMapping: 0.185200 ms MarkObjects: 2.203700 ms  DeleteObjects: 1.356200 ms)

========================================================================
Received Prepare
Registering precompiled user dll's ...
Registered in 0.002693 seconds.
Begin MonoManager ReloadAssembly
Native extension for WindowsStandalone target not found
Native extension for WebGL target not found
Refreshing native plugins compatible for Editor in 0.53 ms, found 0 plugins.
Preloading 0 native plugins for Editor in 0.00 ms.
Mono: successfully reloaded assembly
- Completed reload, in  3.880 seconds
Platform modules already initialized, skipping
Shader 'Universal Render Pipeline/Particles/Lit': fallback shader 'Universal Render Pipeline/Particles/SimpleLit' not found
Shader 'Universal Render Pipeline/Particles/Lit': fallback shader 'Universal Render Pipeline/Particles/SimpleLit' not found
Refreshing native plugins compatible for Editor in 0.52 ms, found 0 plugins.
Preloading 0 native plugins for Editor in 0.00 ms.
Unloading 3010 Unused Serialized files (Serialized files now loaded: 0)
System memory in use before: 143.2 MB.
System memory in use after: 140.6 MB.

Unloading 39 unused Assets to reduce memory usage. Loaded Objects now: 3678.
Total: 4.337700 ms (FindLiveObjects: 0.348400 ms CreateObjectMapping: 0.171100 ms MarkObjects: 2.372600 ms  DeleteObjects: 1.444500 ms)

========================================================================
Received Import Request.
  Time since last request: 67.535575 seconds.
  path: Assets/Scripts/SecondMat.cs
  artifactKey: Guid(1e7d61f3d4d74fc48bbf44ef83231380) Importer(815301076,1909f56bfc062723c751e8b465ee728b)
Start importing Assets/Scripts/SecondMat.cs using Guid(1e7d61f3d4d74fc48bbf44ef83231380) Importer(815301076,1909f56bfc062723c751e8b465ee728b)  -> (artifact id: 'f8c6332f63e29841b5b4903650506d34') in 0.042316 seconds
  Import took 0.047112 seconds .

========================================================================
Received Import Request.
  Time since last request: 56.605424 seconds.
  path: Assets/Scripts/PatricleControl.cs
  artifactKey: Guid(f6e0209274d1035438e34adc73c189a8) Importer(815301076,1909f56bfc062723c751e8b465ee728b)
Start importing Assets/Scripts/PatricleControl.cs using Guid(f6e0209274d1035438e34adc73c189a8) Importer(815301076,1909f56bfc062723c751e8b465ee728b)  -> (artifact id: '8db074ce884ae8bfd2b92d5db536d803') in 0.141335 seconds
  Import took 0.145765 seconds .

========================================================================
Received Prepare
Registering precompiled user dll's ...
Registered in 0.002534 seconds.
Begin MonoManager ReloadAssembly
Native extension for WindowsStandalone target not found
Native extension for WebGL target not found
Refreshing native plugins compatible for Editor in 0.45 ms, found 0 plugins.
Preloading 0 native plugins for Editor in 0.00 ms.
Mono: successfully reloaded assembly
- Completed reload, in  3.599 seconds
Platform modules already initialized, skipping
Shader 'Universal Render Pipeline/Particles/Lit': fallback shader 'Universal Render Pipeline/Particles/SimpleLit' not found
Shader 'Universal Render Pipeline/Particles/Lit': fallback shader 'Universal Render Pipeline/Particles/SimpleLit' not found
Refreshing native plugins compatible for Editor in 0.45 ms, found 0 plugins.
Preloading 0 native plugins for Editor in 0.00 ms.
Unloading 3011 Unused Serialized files (Serialized files now loaded: 0)
System memory in use before: 143.2 MB.
System memory in use after: 140.6 MB.

Unloading 39 unused Assets to reduce memory usage. Loaded Objects now: 3682.
Total: 4.343500 ms (FindLiveObjects: 0.315000 ms CreateObjectMapping: 0.121800 ms MarkObjects: 2.571900 ms  DeleteObjects: 1.333800 ms)

========================================================================
Received Prepare
Registering precompiled user dll's ...
Registered in 0.002511 seconds.
Begin MonoManager ReloadAssembly
Native extension for WindowsStandalone target not found
Native extension for WebGL target not found
Refreshing native plugins compatible for Editor in 0.45 ms, found 0 plugins.
Preloading 0 native plugins for Editor in 0.00 ms.
Mono: successfully reloaded assembly
- Completed reload, in  3.624 seconds
Platform modules already initialized, skipping
Shader 'Universal Render Pipeline/Particles/Lit': fallback shader 'Universal Render Pipeline/Particles/SimpleLit' not found
Shader 'Universal Render Pipeline/Particles/Lit': fallback shader 'Universal Render Pipeline/Particles/SimpleLit' not found
Refreshing native plugins compatible for Editor in 0.60 ms, found 0 plugins.
Preloading 0 native plugins for Editor in 0.00 ms.
Unloading 3011 Unused Serialized files (Serialized files now loaded: 0)
System memory in use before: 143.2 MB.
System memory in use after: 140.6 MB.

Unloading 39 unused Assets to reduce memory usage. Loaded Objects now: 3685.
Total: 4.357800 ms (FindLiveObjects: 0.331400 ms CreateObjectMapping: 0.154800 ms MarkObjects: 2.515500 ms  DeleteObjects: 1.354600 ms)

========================================================================
Received Import Request.
  Time since last request: 78.458373 seconds.
  path: Assets/Scripts/PatricleControl.cs
  artifactKey: Guid(f6e0209274d1035438e34adc73c189a8) Importer(815301076,1909f56bfc062723c751e8b465ee728b)
Start importing Assets/Scripts/PatricleControl.cs using Guid(f6e0209274d1035438e34adc73c189a8) Importer(815301076,1909f56bfc062723c751e8b465ee728b)  -> (artifact id: 'd7bf69d53f118ab4bba6cae3e3cdd131') in 0.130434 seconds
  Import took 0.134957 seconds .

AssetImportWorkerClient::OnTransportError - code=2 error=End of file
